block in append_cflags: checking for whether -Wall is accepted as CFLAGS... -------------------- yes

DYLD_FALLBACK_LIBRARY_PATH=.:/Users/shimabus_mac/.rbenv/versions/3.2.0/lib "clang -o conftest -I/Users/shimabus_mac/.rbenv/versions/3.2.0/include/ruby-3.2.0/x86_64-darwin23 -I/Users/shimabus_mac/.rbenv/versions/3.2.0/include/ruby-3.2.0/ruby/backward -I/Users/shimabus_mac/.rbenv/versions/3.2.0/include/ruby-3.2.0 -I. -D_XOPEN_SOURCE -D_DARWIN_C_SOURCE -D_DARWIN_UNLIMITED_SELECT -D_REENTRANT   -fdeclspec -O3 -fno-fast-math -ggdb3 -Wall -Wextra -Wextra-tokens -Wdeprecated-declarations -Wdivision-by-zero -Wdiv-by-zero -Wimplicit-function-declaration -Wimplicit-int -Wmisleading-indentation -Wpointer-arith -Wshorten-64-to-32 -Wwrite-strings -Wold-style-definition -Wmissing-noreturn -Wno-cast-function-type -Wno-constant-logical-operand -Wno-long-long -Wno-missing-field-initializers -Wno-overlength-strings -Wno-parentheses-equality -Wno-self-assign -Wno-tautological-compare -Wno-unused-parameter -Wno-unused-value -Wunused-variable -Wundef  -fno-common -pipe conftest.c  -L. -L/Users/shimabus_mac/.rbenv/versions/3.2.0/lib -L. -fstack-protector-strong     -lruby.3.2  -lpthread  "
checked program was:
/* begin */
1: #include "ruby.h"
2: 
3: int main(int argc, char **argv)
4: {
5:   return !!argv[argc];
6: }
/* end */

DYLD_FALLBACK_LIBRARY_PATH=.:/Users/shimabus_mac/.rbenv/versions/3.2.0/lib "clang -I/Users/shimabus_mac/.rbenv/versions/3.2.0/include/ruby-3.2.0/x86_64-darwin23 -I/Users/shimabus_mac/.rbenv/versions/3.2.0/include/ruby-3.2.0/ruby/backward -I/Users/shimabus_mac/.rbenv/versions/3.2.0/include/ruby-3.2.0 -I. -D_XOPEN_SOURCE -D_DARWIN_C_SOURCE -D_DARWIN_UNLIMITED_SELECT -D_REENTRANT   -fdeclspec -O3 -fno-fast-math -ggdb3 -Wall -Wextra -Wextra-tokens -Wdeprecated-declarations -Wdivision-by-zero -Wdiv-by-zero -Wimplicit-function-declaration -Wimplicit-int -Wmisleading-indentation -Wpointer-arith -Wshorten-64-to-32 -Wwrite-strings -Wold-style-definition -Wmissing-noreturn -Wno-cast-function-type -Wno-constant-logical-operand -Wno-long-long -Wno-missing-field-initializers -Wno-overlength-strings -Wno-parentheses-equality -Wno-self-assign -Wno-tautological-compare -Wno-unused-parameter -Wno-unused-value -Wunused-variable -Wundef  -fno-common -pipe  -Wall -Werror -c conftest.c"
checked program was:
/* begin */
1: #include "ruby.h"
2: 
3: int main(int argc, char **argv)
4: {
5:   return !!argv[argc];
6: }
/* end */

--------------------

block in append_cflags: checking for whether -O3 is accepted as CFLAGS... -------------------- yes

DYLD_FALLBACK_LIBRARY_PATH=.:/Users/shimabus_mac/.rbenv/versions/3.2.0/lib "clang -I/Users/shimabus_mac/.rbenv/versions/3.2.0/include/ruby-3.2.0/x86_64-darwin23 -I/Users/shimabus_mac/.rbenv/versions/3.2.0/include/ruby-3.2.0/ruby/backward -I/Users/shimabus_mac/.rbenv/versions/3.2.0/include/ruby-3.2.0 -I. -D_XOPEN_SOURCE -D_DARWIN_C_SOURCE -D_DARWIN_UNLIMITED_SELECT -D_REENTRANT   -fdeclspec -O3 -fno-fast-math -ggdb3 -Wall -Wextra -Wextra-tokens -Wdeprecated-declarations -Wdivision-by-zero -Wdiv-by-zero -Wimplicit-function-declaration -Wimplicit-int -Wmisleading-indentation -Wpointer-arith -Wshorten-64-to-32 -Wwrite-strings -Wold-style-definition -Wmissing-noreturn -Wno-cast-function-type -Wno-constant-logical-operand -Wno-long-long -Wno-missing-field-initializers -Wno-overlength-strings -Wno-parentheses-equality -Wno-self-assign -Wno-tautological-compare -Wno-unused-parameter -Wno-unused-value -Wunused-variable -Wundef  -fno-common -pipe -Wall  -O3 -Werror -c conftest.c"
checked program was:
/* begin */
1: #include "ruby.h"
2: 
3: int main(int argc, char **argv)
4: {
5:   return !!argv[argc];
6: }
/* end */

--------------------

block in append_cflags: checking for whether -pedantic is accepted as CFLAGS... -------------------- no

DYLD_FALLBACK_LIBRARY_PATH=.:/Users/shimabus_mac/.rbenv/versions/3.2.0/lib "clang -I/Users/shimabus_mac/.rbenv/versions/3.2.0/include/ruby-3.2.0/x86_64-darwin23 -I/Users/shimabus_mac/.rbenv/versions/3.2.0/include/ruby-3.2.0/ruby/backward -I/Users/shimabus_mac/.rbenv/versions/3.2.0/include/ruby-3.2.0 -I. -D_XOPEN_SOURCE -D_DARWIN_C_SOURCE -D_DARWIN_UNLIMITED_SELECT -D_REENTRANT   -fdeclspec -O3 -fno-fast-math -ggdb3 -Wall -Wextra -Wextra-tokens -Wdeprecated-declarations -Wdivision-by-zero -Wdiv-by-zero -Wimplicit-function-declaration -Wimplicit-int -Wmisleading-indentation -Wpointer-arith -Wshorten-64-to-32 -Wwrite-strings -Wold-style-definition -Wmissing-noreturn -Wno-cast-function-type -Wno-constant-logical-operand -Wno-long-long -Wno-missing-field-initializers -Wno-overlength-strings -Wno-parentheses-equality -Wno-self-assign -Wno-tautological-compare -Wno-unused-parameter -Wno-unused-value -Wunused-variable -Wundef  -fno-common -pipe -Wall -O3  -pedantic -Werror -c conftest.c"
In file included from conftest.c:1:
In file included from /Users/shimabus_mac/.rbenv/versions/3.2.0/include/ruby-3.2.0/ruby.h:38:
In file included from /Users/shimabus_mac/.rbenv/versions/3.2.0/include/ruby-3.2.0/ruby/ruby.h:27:
In file included from /Users/shimabus_mac/.rbenv/versions/3.2.0/include/ruby-3.2.0/ruby/internal/anyargs.h:76:
/Users/shimabus_mac/.rbenv/versions/3.2.0/include/ruby-3.2.0/ruby/internal/intern/class.h:301:60: error: a function declaration without a prototype is deprecated in all versions of C [-Werror,-Wstrict-prototypes]
void rb_define_method_id(VALUE klass, ID mid, VALUE (*func)(ANYARGS), int arity);
                                                           ^
                                                                   void
/Users/shimabus_mac/.rbenv/versions/3.2.0/include/ruby-3.2.0/ruby/internal/intern/class.h:339:76: error: a function declaration without a prototype is deprecated in all versions of C [-Werror,-Wstrict-prototypes]
void rb_define_protected_method(VALUE klass, const char *mid, VALUE (*func)(ANYARGS), int arity);
                                                                           ^
                                                                                   void
/Users/shimabus_mac/.rbenv/versions/3.2.0/include/ruby-3.2.0/ruby/internal/intern/class.h:352:74: error: a function declaration without a prototype is deprecated in all versions of C [-Werror,-Wstrict-prototypes]
void rb_define_private_method(VALUE klass, const char *mid, VALUE (*func)(ANYARGS), int arity);
                                                                         ^
                                                                                 void
/Users/shimabus_mac/.rbenv/versions/3.2.0/include/ruby-3.2.0/ruby/internal/intern/class.h:365:73: error: a function declaration without a prototype is deprecated in all versions of C [-Werror,-Wstrict-prototypes]
void rb_define_singleton_method(VALUE obj, const char *mid, VALUE(*func)(ANYARGS), int arity);
                                                                        ^
                                                                                void
In file included from conftest.c:1:
In file included from /Users/shimabus_mac/.rbenv/versions/3.2.0/include/ruby-3.2.0/ruby.h:38:
In file included from /Users/shimabus_mac/.rbenv/versions/3.2.0/include/ruby-3.2.0/ruby/ruby.h:27:
In file included from /Users/shimabus_mac/.rbenv/versions/3.2.0/include/ruby-3.2.0/ruby/internal/anyargs.h:78:
/Users/shimabus_mac/.rbenv/versions/3.2.0/include/ruby-3.2.0/ruby/internal/method.h:99:66: error: a function declaration without a prototype is deprecated in all versions of C [-Werror,-Wstrict-prototypes]
void rb_define_method(VALUE klass, const char *mid, VALUE (*func)(ANYARGS), int arity);
                                                                 ^
                                                                         void
/Users/shimabus_mac/.rbenv/versions/3.2.0/include/ruby-3.2.0/ruby/internal/method.h:112:75: error: a function declaration without a prototype is deprecated in all versions of C [-Werror,-Wstrict-prototypes]
void rb_define_module_function(VALUE klass, const char *mid, VALUE (*func)(ANYARGS), int arity);
                                                                          ^
                                                                                  void
/Users/shimabus_mac/.rbenv/versions/3.2.0/include/ruby-3.2.0/ruby/internal/method.h:124:62: error: a function declaration without a prototype is deprecated in all versions of C [-Werror,-Wstrict-prototypes]
void rb_define_global_function(const char *mid, VALUE (*func)(ANYARGS), int arity);
                                                             ^
                                                                     void
In file included from conftest.c:1:
In file included from /Users/shimabus_mac/.rbenv/versions/3.2.0/include/ruby-3.2.0/ruby.h:38:
In file included from /Users/shimabus_mac/.rbenv/versions/3.2.0/include/ruby-3.2.0/ruby/ruby.h:27:
/Users/shimabus_mac/.rbenv/versions/3.2.0/include/ruby-3.2.0/ruby/internal/anyargs.h:271:1: error: a function declaration without a prototype is deprecated in all versions of C [-Werror,-Wstrict-prototypes]
RBIMPL_ANYARGS_DECL(rb_define_singleton_method, VALUE, const char *)
^
/Users/shimabus_mac/.rbenv/versions/3.2.0/include/ruby-3.2.0/ruby/internal/anyargs.h:252:73: note: expanded from macro 'RBIMPL_ANYARGS_DECL'
RBIMPL_ANYARGS_ATTRSET(sym) static void sym ## _m3(__VA_ARGS__, VALUE(*)(ANYARGS), int); \
                                                                        ^
/Users/shimabus_mac/.rbenv/versions/3.2.0/include/ruby-3.2.0/ruby/internal/anyargs.h:272:1: error: a function declaration without a prototype is deprecated in all versions of C [-Werror,-Wstrict-prototypes]
RBIMPL_ANYARGS_DECL(rb_define_protected_method, VALUE, const char *)
^
/Users/shimabus_mac/.rbenv/versions/3.2.0/include/ruby-3.2.0/ruby/internal/anyargs.h:252:73: note: expanded from macro 'RBIMPL_ANYARGS_DECL'
RBIMPL_ANYARGS_ATTRSET(sym) static void sym ## _m3(__VA_ARGS__, VALUE(*)(ANYARGS), int); \
                                                                        ^
/Users/shimabus_mac/.rbenv/versions/3.2.0/include/ruby-3.2.0/ruby/internal/anyargs.h:273:1: error: a function declaration without a prototype is deprecated in all versions of C [-Werror,-Wstrict-prototypes]
RBIMPL_ANYARGS_DECL(rb_define_private_method, VALUE, const char *)
^
/Users/shimabus_mac/.rbenv/versions/3.2.0/include/ruby-3.2.0/ruby/internal/anyargs.h:252:73: note: expanded from macro 'RBIMPL_ANYARGS_DECL'
RBIMPL_ANYARGS_ATTRSET(sym) static void sym ## _m3(__VA_ARGS__, VALUE(*)(ANYARGS), int); \
                                                                        ^
/Users/shimabus_mac/.rbenv/versions/3.2.0/include/ruby-3.2.0/ruby/internal/anyargs.h:274:1: error: a function declaration without a prototype is deprecated in all versions of C [-Werror,-Wstrict-prototypes]
RBIMPL_ANYARGS_DECL(rb_define_module_function, VALUE, const char *)
^
/Users/shimabus_mac/.rbenv/versions/3.2.0/include/ruby-3.2.0/ruby/internal/anyargs.h:252:73: note: expanded from macro 'RBIMPL_ANYARGS_DECL'
RBIMPL_ANYARGS_ATTRSET(sym) static void sym ## _m3(__VA_ARGS__, VALUE(*)(ANYARGS), int); \
                                                                        ^
/Users/shimabus_mac/.rbenv/versions/3.2.0/include/ruby-3.2.0/ruby/internal/anyargs.h:275:1: error: a function declaration without a prototype is deprecated in all versions of C [-Werror,-Wstrict-prototypes]
RBIMPL_ANYARGS_DECL(rb_define_global_function, const char *)
^
/Users/shimabus_mac/.rbenv/versions/3.2.0/include/ruby-3.2.0/ruby/internal/anyargs.h:252:73: note: expanded from macro 'RBIMPL_ANYARGS_DECL'
RBIMPL_ANYARGS_ATTRSET(sym) static void sym ## _m3(__VA_ARGS__, VALUE(*)(ANYARGS), int); \
                                                                        ^
/Users/shimabus_mac/.rbenv/versions/3.2.0/include/ruby-3.2.0/ruby/internal/anyargs.h:276:1: error: a function declaration without a prototype is deprecated in all versions of C [-Werror,-Wstrict-prototypes]
RBIMPL_ANYARGS_DECL(rb_define_method_id, VALUE, ID)
^
/Users/shimabus_mac/.rbenv/versions/3.2.0/include/ruby-3.2.0/ruby/internal/anyargs.h:252:73: note: expanded from macro 'RBIMPL_ANYARGS_DECL'
RBIMPL_ANYARGS_ATTRSET(sym) static void sym ## _m3(__VA_ARGS__, VALUE(*)(ANYARGS), int); \
                                                                        ^
/Users/shimabus_mac/.rbenv/versions/3.2.0/include/ruby-3.2.0/ruby/internal/anyargs.h:277:1: error: a function declaration without a prototype is deprecated in all versions of C [-Werror,-Wstrict-prototypes]
RBIMPL_ANYARGS_DECL(rb_define_method, VALUE, const char *)
^
/Users/shimabus_mac/.rbenv/versions/3.2.0/include/ruby-3.2.0/ruby/internal/anyargs.h:252:73: note: expanded from macro 'RBIMPL_ANYARGS_DECL'
RBIMPL_ANYARGS_ATTRSET(sym) static void sym ## _m3(__VA_ARGS__, VALUE(*)(ANYARGS), int); \
                                                                        ^
14 errors generated.
checked program was:
/* begin */
1: #include "ruby.h"
2: 
3: int main(int argc, char **argv)
4: {
5:   return !!argv[argc];
6: }
/* end */

--------------------

block in append_cflags: checking for whether -std=c99 is accepted as CFLAGS... -------------------- yes

DYLD_FALLBACK_LIBRARY_PATH=.:/Users/shimabus_mac/.rbenv/versions/3.2.0/lib "clang -I/Users/shimabus_mac/.rbenv/versions/3.2.0/include/ruby-3.2.0/x86_64-darwin23 -I/Users/shimabus_mac/.rbenv/versions/3.2.0/include/ruby-3.2.0/ruby/backward -I/Users/shimabus_mac/.rbenv/versions/3.2.0/include/ruby-3.2.0 -I. -D_XOPEN_SOURCE -D_DARWIN_C_SOURCE -D_DARWIN_UNLIMITED_SELECT -D_REENTRANT   -fdeclspec -O3 -fno-fast-math -ggdb3 -Wall -Wextra -Wextra-tokens -Wdeprecated-declarations -Wdivision-by-zero -Wdiv-by-zero -Wimplicit-function-declaration -Wimplicit-int -Wmisleading-indentation -Wpointer-arith -Wshorten-64-to-32 -Wwrite-strings -Wold-style-definition -Wmissing-noreturn -Wno-cast-function-type -Wno-constant-logical-operand -Wno-long-long -Wno-missing-field-initializers -Wno-overlength-strings -Wno-parentheses-equality -Wno-self-assign -Wno-tautological-compare -Wno-unused-parameter -Wno-unused-value -Wunused-variable -Wundef  -fno-common -pipe -Wall -O3  -std=c99 -Werror -c conftest.c"
checked program was:
/* begin */
1: #include "ruby.h"
2: 
3: int main(int argc, char **argv)
4: {
5:   return !!argv[argc];
6: }
/* end */

--------------------

